nohup: ignoring input
usage: train_baselines.py [-h] [--npz NPZ]
                          [--encoder {pointwise,patch,ivar,cross}]
                          [--d-model D_MODEL] [--heads HEADS] [--depth DEPTH]
                          [--ffn FFN] [--dropout DROPOUT]
                          [--patch-len PATCH_LEN] [--stride STRIDE]
                          [--epochs EPOCHS] [--bs BS] [--lr LR]
                          [--weight-decay WEIGHT_DECAY] [--seed SEED]
                          [--eval-test] [--save] [--tag TAG]
train_baselines.py: error: unrecognized arguments: and
usage: train_baselines.py [-h] [--npz NPZ]
                          [--encoder {pointwise,patch,ivar,cross}]
                          [--d-model D_MODEL] [--heads HEADS] [--depth DEPTH]
                          [--ffn FFN] [--dropout DROPOUT]
                          [--patch-len PATCH_LEN] [--stride STRIDE]
                          [--epochs EPOCHS] [--bs BS] [--lr LR]
                          [--weight-decay WEIGHT_DECAY] [--seed SEED]
                          [--eval-test] [--save] [--tag TAG]
train_baselines.py: error: unrecognized arguments: and
usage: train_baselines.py [-h] [--npz NPZ]
                          [--encoder {pointwise,patch,ivar,cross}]
                          [--d-model D_MODEL] [--heads HEADS] [--depth DEPTH]
                          [--ffn FFN] [--dropout DROPOUT]
                          [--patch-len PATCH_LEN] [--stride STRIDE]
                          [--epochs EPOCHS] [--bs BS] [--lr LR]
                          [--weight-decay WEIGHT_DECAY] [--seed SEED]
                          [--eval-test] [--save] [--tag TAG]
train_baselines.py: error: unrecognized arguments: and
/home/snowden/Desktop/quant_portfolio_scaffold/.venv/lib/python3.13/site-packages/torch/nn/modules/transformer.py:392: UserWarning: enable_nested_tensor is True, but self.use_nested_tensor is False because encoder_layer.norm_first was True
  warnings.warn(
